f:\lab_compu_grafica\practica\practica\debug\vc140.pdb
f:\lab_compu_grafica\practica\practica\debug\vc140.idb
f:\lab_compu_grafica\practica\practica\debug\camera.obj
f:\lab_compu_grafica\practica\practica\debug\figuras.obj
f:\lab_compu_grafica\practica\practica\debug\main_prac10new.obj
f:\lab_compu_grafica\practica\practica\debug\texture.obj
f:\lab_compu_grafica\practica\debug\practica.ilk
f:\lab_compu_grafica\practica\debug\practica.exe
f:\lab_compu_grafica\practica\debug\practica.pdb
e:\lab_compu_grafica\practica\practica\debug\main_prac3.obj
e:\lab_compu_grafica\practica\practica\debug\main_prac4.obj
e:\lab_compu_grafica\practica\practica\debug\main_prac5.obj
e:\lab_compu_grafica\practica\practica\debug\main_prac5_mano-cuerpo.obj
e:\lab_compu_grafica\practica\practica\debug\main_prac6.obj
e:\lab_compu_grafica\practica\practica\debug\main_prac7.obj
e:\lab_compu_grafica\practica\practica\debug\main_prac6_casa.obj
e:\lab_compu_grafica\practica\practica\debug\main_prac8_texto.obj
e:\lab_compu_grafica\practica\practica\debug\figuras.obj
e:\lab_compu_grafica\practica\practica\debug\main_prac8_texto2.obj
e:\lab_compu_grafica\practica\practica\debug\camera.obj
e:\lab_compu_grafica\practica\practica\debug\main_prac9.obj
e:\lab_compu_grafica\practica\practica\debug\main_prac10new.obj
e:\lab_compu_grafica\practica\practica\debug\texture.obj
e:\lab_compu_grafica\practica\practica\debug\main_prac2.obj
e:\lab_compu_grafica\practica\practica\debug\vc140.idb
e:\lab_compu_grafica\practica\practica\debug\vc140.pdb
e:\lab_compu_grafica\practica\debug\practica.pdb
e:\lab_compu_grafica\practica\debug\practica.exe
e:\lab_compu_grafica\practica\debug\practica.ilk
e:\lab_compu_grafica\practica\practica\debug\practica.tlog\cl.read.1.tlog
e:\lab_compu_grafica\practica\practica\debug\practica.tlog\link.read.1.tlog
e:\lab_compu_grafica\practica\practica\debug\practica.tlog\cl.write.1.tlog
e:\lab_compu_grafica\practica\practica\debug\practica.tlog\cl.command.1.tlog
e:\lab_compu_grafica\practica\practica\debug\practica.tlog\link.write.1.tlog
e:\lab_compu_grafica\practica\practica\debug\practica.tlog\link.command.1.tlog
